<?xml version="1.0" encoding="UTF-8" ?>
<testsuite failures="0" time="0.093" errors="0" skipped="0" tests="2" name="net.bbenarbia.dao.FonctionDaoTest">
  <properties>
    <property name="java.runtime.name" value="OpenJDK Runtime Environment"/>
    <property name="sun.boot.library.path" value="/usr/lib/jvm/java-6-openjdk/jre/lib/i386"/>
    <property name="java.vm.version" value="20.0-b12"/>
    <property name="java.vm.vendor" value="Sun Microsystems Inc."/>
    <property name="java.vendor.url" value="http://java.sun.com/"/>
    <property name="path.separator" value=":"/>
    <property name="java.vm.name" value="OpenJDK Server VM"/>
    <property name="file.encoding.pkg" value="sun.io"/>
    <property name="user.country" value="US"/>
    <property name="sun.java.launcher" value="SUN_STANDARD"/>
    <property name="sun.os.patch.level" value="unknown"/>
    <property name="java.vm.specification.name" value="Java Virtual Machine Specification"/>
    <property name="user.dir" value="/opt/work/workspace/tassyir/tassyir/data-layer"/>
    <property name="java.runtime.version" value="1.6.0_24-b24"/>
    <property name="java.awt.graphicsenv" value="sun.awt.X11GraphicsEnvironment"/>
    <property name="basedir" value="/opt/work/workspace/tassyir/tassyir/data-layer"/>
    <property name="java.endorsed.dirs" value="/usr/lib/jvm/java-6-openjdk/jre/lib/endorsed"/>
    <property name="os.arch" value="i386"/>
    <property name="surefire.real.class.path" value="/tmp/surefirebooter6515303994770237201.jar"/>
    <property name="java.io.tmpdir" value="/tmp"/>
    <property name="line.separator" value="
"/>
    <property name="java.vm.specification.vendor" value="Sun Microsystems Inc."/>
    <property name="os.name" value="Linux"/>
    <property name="sun.jnu.encoding" value="UTF-8"/>
    <property name="java.library.path" value="/usr/lib/jvm/java-6-openjdk/jre/lib/i386/server:/usr/lib/jvm/java-6-openjdk/jre/lib/i386:/usr/lib/jvm/java-6-openjdk/jre/../lib/i386:/usr/java/packages/lib/i386:/usr/lib/jni:/lib:/usr/lib"/>
    <property name="surefire.test.class.path" value="/opt/work/workspace/tassyir/tassyir/data-layer/target/test-classes:/opt/work/workspace/tassyir/tassyir/data-layer/target/classes:/home/moad/.m2/repository/org/springframework/spring-core/3.0.7.RELEASE/spring-core-3.0.7.RELEASE.jar:/home/moad/.m2/repository/org/springframework/spring-asm/3.0.7.RELEASE/spring-asm-3.0.7.RELEASE.jar:/home/moad/.m2/repository/org/springframework/spring-jdbc/3.0.7.RELEASE/spring-jdbc-3.0.7.RELEASE.jar:/home/moad/.m2/repository/org/springframework/spring-beans/3.0.7.RELEASE/spring-beans-3.0.7.RELEASE.jar:/home/moad/.m2/repository/org/springframework/spring-tx/3.0.7.RELEASE/spring-tx-3.0.7.RELEASE.jar:/home/moad/.m2/repository/aopalliance/aopalliance/1.0/aopalliance-1.0.jar:/home/moad/.m2/repository/org/springframework/spring-aop/3.0.7.RELEASE/spring-aop-3.0.7.RELEASE.jar:/home/moad/.m2/repository/org/springframework/spring-context/3.0.7.RELEASE/spring-context-3.0.7.RELEASE.jar:/home/moad/.m2/repository/org/springframework/spring-expression/3.0.7.RELEASE/spring-expression-3.0.7.RELEASE.jar:/home/moad/.m2/repository/org/springframework/spring-orm/3.0.7.RELEASE/spring-orm-3.0.7.RELEASE.jar:/home/moad/.m2/repository/org/hibernate/hibernate-core/3.6.10.Final/hibernate-core-3.6.10.Final.jar:/home/moad/.m2/repository/antlr/antlr/2.7.6/antlr-2.7.6.jar:/home/moad/.m2/repository/commons-collections/commons-collections/3.2.1/commons-collections-3.2.1.jar:/home/moad/.m2/repository/dom4j/dom4j/1.6.1/dom4j-1.6.1.jar:/home/moad/.m2/repository/org/hibernate/hibernate-commons-annotations/3.2.0.Final/hibernate-commons-annotations-3.2.0.Final.jar:/home/moad/.m2/repository/org/slf4j/slf4j-api/1.6.1/slf4j-api-1.6.1.jar:/home/moad/.m2/repository/org/hibernate/javax/persistence/hibernate-jpa-2.0-api/1.0.1.Final/hibernate-jpa-2.0-api-1.0.1.Final.jar:/home/moad/.m2/repository/javax/transaction/jta/1.1/jta-1.1.jar:/home/moad/.m2/repository/javassist/javassist/3.8.0.GA/javassist-3.8.0.GA.jar:/home/moad/.m2/repository/joda-time/joda-time/1.6.2/joda-time-1.6.2.jar:/home/moad/.m2/repository/joda-time/joda-time-hibernate/1.3/joda-time-hibernate-1.3.jar:/home/moad/.m2/repository/commons-beanutils/commons-beanutils/1.8.3/commons-beanutils-1.8.3.jar:/home/moad/.m2/repository/org/slf4j/jcl-over-slf4j/1.6.1/jcl-over-slf4j-1.6.1.jar:/home/moad/.m2/repository/ch/qos/logback/logback-classic/0.9.28/logback-classic-0.9.28.jar:/home/moad/.m2/repository/ch/qos/logback/logback-core/0.9.28/logback-core-0.9.28.jar:/home/moad/.m2/repository/commons-lang/commons-lang/2.4/commons-lang-2.4.jar:/home/moad/.m2/repository/junit/junit/4.8.1/junit-4.8.1.jar:/home/moad/.m2/repository/org/easymock/easymock/3.0/easymock-3.0.jar:/home/moad/.m2/repository/cglib/cglib-nodep/2.2/cglib-nodep-2.2.jar:/home/moad/.m2/repository/org/objenesis/objenesis/1.2/objenesis-1.2.jar:/home/moad/.m2/repository/org/easymock/easymockclassextension/3.0/easymockclassextension-3.0.jar:/home/moad/.m2/repository/org/springframework/spring-test/3.0.7.RELEASE/spring-test-3.0.7.RELEASE.jar:/home/moad/.m2/repository/org/hsqldb/hsqldb/1.8.0.10/hsqldb-1.8.0.10.jar:"/>
    <property name="java.specification.name" value="Java Platform API Specification"/>
    <property name="java.class.version" value="50.0"/>
    <property name="sun.management.compiler" value="HotSpot Tiered Compilers"/>
    <property name="os.version" value="3.0.0-12-generic"/>
    <property name="user.home" value="/home/moad"/>
    <property name="user.timezone" value="Europe/Paris"/>
    <property name="java.awt.printerjob" value="sun.print.PSPrinterJob"/>
    <property name="file.encoding" value="UTF-8"/>
    <property name="java.specification.version" value="1.6"/>
    <property name="user.name" value="moad"/>
    <property name="java.class.path" value="/opt/work/workspace/tassyir/tassyir/data-layer/target/test-classes:/opt/work/workspace/tassyir/tassyir/data-layer/target/classes:/home/moad/.m2/repository/org/springframework/spring-core/3.0.7.RELEASE/spring-core-3.0.7.RELEASE.jar:/home/moad/.m2/repository/org/springframework/spring-asm/3.0.7.RELEASE/spring-asm-3.0.7.RELEASE.jar:/home/moad/.m2/repository/org/springframework/spring-jdbc/3.0.7.RELEASE/spring-jdbc-3.0.7.RELEASE.jar:/home/moad/.m2/repository/org/springframework/spring-beans/3.0.7.RELEASE/spring-beans-3.0.7.RELEASE.jar:/home/moad/.m2/repository/org/springframework/spring-tx/3.0.7.RELEASE/spring-tx-3.0.7.RELEASE.jar:/home/moad/.m2/repository/aopalliance/aopalliance/1.0/aopalliance-1.0.jar:/home/moad/.m2/repository/org/springframework/spring-aop/3.0.7.RELEASE/spring-aop-3.0.7.RELEASE.jar:/home/moad/.m2/repository/org/springframework/spring-context/3.0.7.RELEASE/spring-context-3.0.7.RELEASE.jar:/home/moad/.m2/repository/org/springframework/spring-expression/3.0.7.RELEASE/spring-expression-3.0.7.RELEASE.jar:/home/moad/.m2/repository/org/springframework/spring-orm/3.0.7.RELEASE/spring-orm-3.0.7.RELEASE.jar:/home/moad/.m2/repository/org/hibernate/hibernate-core/3.6.10.Final/hibernate-core-3.6.10.Final.jar:/home/moad/.m2/repository/antlr/antlr/2.7.6/antlr-2.7.6.jar:/home/moad/.m2/repository/commons-collections/commons-collections/3.2.1/commons-collections-3.2.1.jar:/home/moad/.m2/repository/dom4j/dom4j/1.6.1/dom4j-1.6.1.jar:/home/moad/.m2/repository/org/hibernate/hibernate-commons-annotations/3.2.0.Final/hibernate-commons-annotations-3.2.0.Final.jar:/home/moad/.m2/repository/org/slf4j/slf4j-api/1.6.1/slf4j-api-1.6.1.jar:/home/moad/.m2/repository/org/hibernate/javax/persistence/hibernate-jpa-2.0-api/1.0.1.Final/hibernate-jpa-2.0-api-1.0.1.Final.jar:/home/moad/.m2/repository/javax/transaction/jta/1.1/jta-1.1.jar:/home/moad/.m2/repository/javassist/javassist/3.8.0.GA/javassist-3.8.0.GA.jar:/home/moad/.m2/repository/joda-time/joda-time/1.6.2/joda-time-1.6.2.jar:/home/moad/.m2/repository/joda-time/joda-time-hibernate/1.3/joda-time-hibernate-1.3.jar:/home/moad/.m2/repository/commons-beanutils/commons-beanutils/1.8.3/commons-beanutils-1.8.3.jar:/home/moad/.m2/repository/org/slf4j/jcl-over-slf4j/1.6.1/jcl-over-slf4j-1.6.1.jar:/home/moad/.m2/repository/ch/qos/logback/logback-classic/0.9.28/logback-classic-0.9.28.jar:/home/moad/.m2/repository/ch/qos/logback/logback-core/0.9.28/logback-core-0.9.28.jar:/home/moad/.m2/repository/commons-lang/commons-lang/2.4/commons-lang-2.4.jar:/home/moad/.m2/repository/junit/junit/4.8.1/junit-4.8.1.jar:/home/moad/.m2/repository/org/easymock/easymock/3.0/easymock-3.0.jar:/home/moad/.m2/repository/cglib/cglib-nodep/2.2/cglib-nodep-2.2.jar:/home/moad/.m2/repository/org/objenesis/objenesis/1.2/objenesis-1.2.jar:/home/moad/.m2/repository/org/easymock/easymockclassextension/3.0/easymockclassextension-3.0.jar:/home/moad/.m2/repository/org/springframework/spring-test/3.0.7.RELEASE/spring-test-3.0.7.RELEASE.jar:/home/moad/.m2/repository/org/hsqldb/hsqldb/1.8.0.10/hsqldb-1.8.0.10.jar:"/>
    <property name="java.vm.specification.version" value="1.0"/>
    <property name="sun.arch.data.model" value="32"/>
    <property name="java.home" value="/usr/lib/jvm/java-6-openjdk/jre"/>
    <property name="sun.java.command" value="/tmp/surefirebooter6515303994770237201.jar /tmp/surefire5800533050604876234tmp /tmp/surefire9090571389513359686tmp"/>
    <property name="java.specification.vendor" value="Sun Microsystems Inc."/>
    <property name="user.language" value="en"/>
    <property name="java.vm.info" value="mixed mode"/>
    <property name="java.version" value="1.6.0_24"/>
    <property name="java.ext.dirs" value="/usr/lib/jvm/java-6-openjdk/jre/lib/ext:/usr/java/packages/lib/ext"/>
    <property name="sun.boot.class.path" value="/usr/lib/jvm/java-6-openjdk/jre/lib/resources.jar:/usr/lib/jvm/java-6-openjdk/jre/lib/rt.jar:/usr/lib/jvm/java-6-openjdk/jre/lib/sunrsasign.jar:/usr/lib/jvm/java-6-openjdk/jre/lib/jsse.jar:/usr/lib/jvm/java-6-openjdk/jre/lib/jce.jar:/usr/lib/jvm/java-6-openjdk/jre/lib/charsets.jar:/usr/lib/jvm/java-6-openjdk/jre/lib/netx.jar:/usr/lib/jvm/java-6-openjdk/jre/lib/plugin.jar:/usr/lib/jvm/java-6-openjdk/jre/lib/rhino.jar:/usr/lib/jvm/java-6-openjdk/jre/lib/modules/jdk.boot.jar:/usr/lib/jvm/java-6-openjdk/jre/classes"/>
    <property name="java.vendor" value="Sun Microsystems Inc."/>
    <property name="localRepository" value="/home/moad/.m2/repository"/>
    <property name="file.separator" value="/"/>
    <property name="java.vendor.url.bug" value="http://java.sun.com/cgi-bin/bugreport.cgi"/>
    <property name="sun.cpu.endian" value="little"/>
    <property name="sun.io.unicode.encoding" value="UnicodeLittle"/>
    <property name="sun.desktop" value="gnome"/>
    <property name="sun.cpu.isalist" value=""/>
  </properties>
  <testcase time="0.036" classname="net.bbenarbia.dao.FonctionDaoTest" name="testGetAllFonctionAssociable"/>
  <testcase time="0.055" classname="net.bbenarbia.dao.FonctionDaoTest" name="getByLabelTest"/>
</testsuite>